INFO:     Will watch for changes in these directories: ['/Users/linhlinh/travel/backend']
INFO:     Uvicorn running on http://127.0.0.1:8000 (Press CTRL+C to quit)
INFO:     Started reloader process [63460] using StatReload
/Users/linhlinh/travel/.venv/lib/python3.9/site-packages/pydantic/_internal/_config.py:386: UserWarning: Valid config keys have changed in V2:
* 'orm_mode' has been renamed to 'from_attributes'
  warnings.warn(message, UserWarning)
INFO:     Started server process [63463]
INFO:     Waiting for application startup.
INFO:     Application startup complete.
(trapped) error reading bcrypt version
Traceback (most recent call last):
  File "/Users/linhlinh/travel/.venv/lib/python3.9/site-packages/passlib/handlers/bcrypt.py", line 620, in _load_backend_mixin
    version = _bcrypt.__about__.__version__
AttributeError: module 'bcrypt' has no attribute '__about__'
🔍 Đang tìm file .env tại đường dẫn: /Users/linhlinh/travel/backend/.env
📂 File .env có tồn tại không? -> True
✅ Đã nạp thành công DATABASE_URL từ file .env!
✅ Đã đồng bộ cấu trúc Database thành công!
INFO:     127.0.0.1:61914 - "POST /api/v1/auth/register HTTP/1.1" 500 Internal Server Error
ERROR:    Exception in ASGI application
Traceback (most recent call last):
  File "/Users/linhlinh/travel/.venv/lib/python3.9/site-packages/uvicorn/protocols/http/h11_impl.py", line 409, in run_asgi
    result = await app(  # type: ignore[func-returns-value]
  File "/Users/linhlinh/travel/.venv/lib/python3.9/site-packages/uvicorn/middleware/proxy_headers.py", line 60, in __call__
    return await self.app(scope, receive, send)
  File "/Users/linhlinh/travel/.venv/lib/python3.9/site-packages/fastapi/applications.py", line 1138, in __call__
    await super().__call__(scope, receive, send)
  File "/Users/linhlinh/travel/.venv/lib/python3.9/site-packages/starlette/applications.py", line 113, in __call__
    await self.middleware_stack(scope, receive, send)
  File "/Users/linhlinh/travel/.venv/lib/python3.9/site-packages/starlette/middleware/errors.py", line 186, in __call__
    raise exc
  File "/Users/linhlinh/travel/.venv/lib/python3.9/site-packages/starlette/middleware/errors.py", line 164, in __call__
    await self.app(scope, receive, _send)
  File "/Users/linhlinh/travel/.venv/lib/python3.9/site-packages/starlette/middleware/cors.py", line 85, in __call__
    await self.app(scope, receive, send)
  File "/Users/linhlinh/travel/.venv/lib/python3.9/site-packages/starlette/middleware/exceptions.py", line 63, in __call__
    await wrap_app_handling_exceptions(self.app, conn)(scope, receive, send)
  File "/Users/linhlinh/travel/.venv/lib/python3.9/site-packages/starlette/_exception_handler.py", line 53, in wrapped_app
    raise exc
  File "/Users/linhlinh/travel/.venv/lib/python3.9/site-packages/starlette/_exception_handler.py", line 42, in wrapped_app
    await app(scope, receive, sender)
  File "/Users/linhlinh/travel/.venv/lib/python3.9/site-packages/fastapi/middleware/asyncexitstack.py", line 18, in __call__
    await self.app(scope, receive, send)
  File "/Users/linhlinh/travel/.venv/lib/python3.9/site-packages/starlette/routing.py", line 716, in __call__
    await self.middleware_stack(scope, receive, send)
  File "/Users/linhlinh/travel/.venv/lib/python3.9/site-packages/starlette/routing.py", line 736, in app
    await route.handle(scope, receive, send)
  File "/Users/linhlinh/travel/.venv/lib/python3.9/site-packages/starlette/routing.py", line 290, in handle
    await self.app(scope, receive, send)
  File "/Users/linhlinh/travel/.venv/lib/python3.9/site-packages/fastapi/routing.py", line 121, in app
    await wrap_app_handling_exceptions(app, request)(scope, receive, send)
  File "/Users/linhlinh/travel/.venv/lib/python3.9/site-packages/starlette/_exception_handler.py", line 53, in wrapped_app
    raise exc
  File "/Users/linhlinh/travel/.venv/lib/python3.9/site-packages/starlette/_exception_handler.py", line 42, in wrapped_app
    await app(scope, receive, sender)
  File "/Users/linhlinh/travel/.venv/lib/python3.9/site-packages/fastapi/routing.py", line 107, in app
    response = await f(request)
  File "/Users/linhlinh/travel/.venv/lib/python3.9/site-packages/fastapi/routing.py", line 426, in app
    raw_response = await run_endpoint_function(
  File "/Users/linhlinh/travel/.venv/lib/python3.9/site-packages/fastapi/routing.py", line 316, in run_endpoint_function
    return await run_in_threadpool(dependant.call, **values)
  File "/Users/linhlinh/travel/.venv/lib/python3.9/site-packages/starlette/concurrency.py", line 38, in run_in_threadpool
    return await anyio.to_thread.run_sync(func)
  File "/Users/linhlinh/travel/.venv/lib/python3.9/site-packages/anyio/to_thread.py", line 63, in run_sync
    return await get_async_backend().run_sync_in_worker_thread(
  File "/Users/linhlinh/travel/.venv/lib/python3.9/site-packages/anyio/_backends/_asyncio.py", line 2502, in run_sync_in_worker_thread
    return await future
  File "/Users/linhlinh/travel/.venv/lib/python3.9/site-packages/anyio/_backends/_asyncio.py", line 986, in run
    result = context.run(func, *args)
  File "/Users/linhlinh/travel/backend/app/api/v1/auth.py", line 18, in register
    hashed = security.get_password_hash(user_in.password)
  File "/Users/linhlinh/travel/backend/app/core/security.py", line 14, in get_password_hash
    return pwd_context.hash(password)
  File "/Users/linhlinh/travel/.venv/lib/python3.9/site-packages/passlib/context.py", line 2258, in hash
    return record.hash(secret, **kwds)
  File "/Users/linhlinh/travel/.venv/lib/python3.9/site-packages/passlib/utils/handlers.py", line 779, in hash
    self.checksum = self._calc_checksum(secret)
  File "/Users/linhlinh/travel/.venv/lib/python3.9/site-packages/passlib/handlers/bcrypt.py", line 591, in _calc_checksum
    self._stub_requires_backend()
  File "/Users/linhlinh/travel/.venv/lib/python3.9/site-packages/passlib/utils/handlers.py", line 2254, in _stub_requires_backend
    cls.set_backend()
  File "/Users/linhlinh/travel/.venv/lib/python3.9/site-packages/passlib/utils/handlers.py", line 2156, in set_backend
    return owner.set_backend(name, dryrun=dryrun)
  File "/Users/linhlinh/travel/.venv/lib/python3.9/site-packages/passlib/utils/handlers.py", line 2163, in set_backend
    return cls.set_backend(name, dryrun=dryrun)
  File "/Users/linhlinh/travel/.venv/lib/python3.9/site-packages/passlib/utils/handlers.py", line 2188, in set_backend
    cls._set_backend(name, dryrun)
  File "/Users/linhlinh/travel/.venv/lib/python3.9/site-packages/passlib/utils/handlers.py", line 2311, in _set_backend
    super(SubclassBackendMixin, cls)._set_backend(name, dryrun)
  File "/Users/linhlinh/travel/.venv/lib/python3.9/site-packages/passlib/utils/handlers.py", line 2224, in _set_backend
    ok = loader(**kwds)
  File "/Users/linhlinh/travel/.venv/lib/python3.9/site-packages/passlib/handlers/bcrypt.py", line 626, in _load_backend_mixin
    return mixin_cls._finalize_backend_mixin(name, dryrun)
  File "/Users/linhlinh/travel/.venv/lib/python3.9/site-packages/passlib/handlers/bcrypt.py", line 421, in _finalize_backend_mixin
    if detect_wrap_bug(IDENT_2A):
  File "/Users/linhlinh/travel/.venv/lib/python3.9/site-packages/passlib/handlers/bcrypt.py", line 380, in detect_wrap_bug
    if verify(secret, bug_hash):
  File "/Users/linhlinh/travel/.venv/lib/python3.9/site-packages/passlib/utils/handlers.py", line 792, in verify
    return consteq(self._calc_checksum(secret), chk)
  File "/Users/linhlinh/travel/.venv/lib/python3.9/site-packages/passlib/handlers/bcrypt.py", line 655, in _calc_checksum
    hash = _bcrypt.hashpw(secret, config)
ValueError: password cannot be longer than 72 bytes, truncate manually if necessary (e.g. my_password[:72])
INFO:     127.0.0.1:61915 - "POST /api/v1/auth/login HTTP/1.1" 401 Unauthorized
INFO:     127.0.0.1:62214 - "GET /api/v1/tours/ HTTP/1.1" 200 OK
INFO:     127.0.0.1:62331 - "GET /api/v1/tours/ HTTP/1.1" 200 OK
INFO:     127.0.0.1:62472 - "GET /api/v1/tours/ HTTP/1.1" 200 OK
INFO:     127.0.0.1:63742 - "GET /api/v1/tours/ HTTP/1.1" 200 OK
INFO:     127.0.0.1:63778 - "GET /api/v1/tours/ HTTP/1.1" 200 OK
INFO:     127.0.0.1:63827 - "GET /api/v1/tours/ HTTP/1.1" 200 OK
INFO:     127.0.0.1:63854 - "GET /api/v1/tours/ HTTP/1.1" 200 OK
INFO:     127.0.0.1:64134 - "GET /api/v1/tours/?skip=0&limit=100 HTTP/1.1" 200 OK
INFO:     127.0.0.1:64135 - "POST /api/v1/tours/ HTTP/1.1" 201 Created
INFO:     127.0.0.1:64148 - "GET /api/v1/tours/ HTTP/1.1" 200 OK
INFO:     127.0.0.1:52321 - "GET /api/v1/tours/ HTTP/1.1" 200 OK
